<?xml version="1.0" encoding="UTF-8"?>
<testng-results skipped="0" failed="0" total="1" passed="1">
  <reporter-output>
  </reporter-output>
  <suite name="Default suite" duration-ms="44200" started-at="2022-09-07T13:18:55Z" finished-at="2022-09-07T13:19:39Z">
    <groups>
    </groups>
    <test name="Default test" duration-ms="44200" started-at="2022-09-07T13:18:55Z" finished-at="2022-09-07T13:19:39Z">
      <class name="Shopping.Shopping.ShoppingorderTest">
        <test-method status="PASS" signature="openBrowser()[pri:0, instance:Shopping.Shopping.ShoppingorderTest@3fb6a447]" name="openBrowser" is-config="true" duration-ms="10872" started-at="2022-09-07T18:48:55Z" finished-at="2022-09-07T18:49:06Z">
          <reporter-output>
          </reporter-output>
        </test-method> <!-- openBrowser -->
        <test-method status="PASS" signature="orderplace()[pri:0, instance:Shopping.Shopping.ShoppingorderTest@3fb6a447]" name="orderplace" is-config="true" duration-ms="33247" started-at="2022-09-07T18:49:06Z" finished-at="2022-09-07T18:49:39Z">
          <reporter-output>
          </reporter-output>
        </test-method> <!-- orderplace -->
        <test-method status="PASS" signature="orderstatusverify()[pri:0, instance:Shopping.Shopping.ShoppingorderTest@3fb6a447]" name="orderstatusverify" duration-ms="56" started-at="2022-09-07T18:49:39Z" finished-at="2022-09-07T18:49:39Z">
          <reporter-output>
          </reporter-output>
        </test-method> <!-- orderstatusverify -->
        <test-method status="PASS" signature="logoutFromApp(org.testng.ITestResult)[pri:0, instance:Shopping.Shopping.ShoppingorderTest@3fb6a447]" name="logoutFromApp" is-config="true" duration-ms="1" started-at="2022-09-07T18:49:39Z" finished-at="2022-09-07T18:49:39Z">
          <params>
            <param index="0">
              <value>
                <![CDATA[[TestResult name=orderstatusverify status=SUCCESS method=ShoppingorderTest.orderstatusverify()[pri:0, instance:Shopping.Shopping.ShoppingorderTest@3fb6a447] output={null}]]]>
              </value>
            </param>
          </params>
          <reporter-output>
          </reporter-output>
        </test-method> <!-- logoutFromApp -->
      </class> <!-- Shopping.Shopping.ShoppingorderTest -->
    </test> <!-- Default test -->
  </suite> <!-- Default suite -->
</testng-results>
